[ 2020-04-18T16:09:13+08:00 ] 127.0.0.1 /index.php/admin
INFO: [ app_init ] --START--
INFO: Run Behavior\BuildLiteBehavior [ RunTime:0.000073s ]
INFO: [ app_init ] --END-- [ RunTime:0.000815s ]
INFO: [ app_begin ] --START--
INFO: Run Behavior\ReadHtmlCacheBehavior [ RunTime:0.000680s ]
INFO: [ app_begin ] --END-- [ RunTime:0.000918s ]
NOTIC: [8] Undefined index: user E:\workspace\daxinhe\Application\Common\Controller\AdminBaseController.class.php 第 16 行.
NOTIC: [2] file_get_contents(): http:// wrapper is disabled in the server configuration by allow_url_fopen=0 E:\workspace\daxinhe\ThinkPHP\Library\Think\Db\Driver.class.php 第 104 行.
NOTIC: [2] file_get_contents(http://api.mfapi.cn/index.php/Api/update/index.html?type=client_check&amp;u=daxinhe.com): failed to open stream: no suitable wrapper could be found E:\workspace\daxinhe\ThinkPHP\Library\Think\Db\Driver.class.php 第 104 行.

[ 2020-04-18T16:09:22+08:00 ] 127.0.0.1 /index.php/admin
INFO: [ app_init ] --START--
INFO: Run Behavior\BuildLiteBehavior [ RunTime:0.000032s ]
INFO: [ app_init ] --END-- [ RunTime:0.000466s ]
INFO: [ app_begin ] --START--
INFO: Run Behavior\ReadHtmlCacheBehavior [ RunTime:0.000521s ]
INFO: [ app_begin ] --END-- [ RunTime:0.000676s ]
NOTIC: [8] Undefined index: user E:\workspace\daxinhe\Application\Common\Controller\AdminBaseController.class.php 第 16 行.
SQL: SHOW COLUMNS FROM `dt_auth_group_access` [ RunTime:0.0008s ]
SQL: SELECT `uid`,`group_id`,`title`,`rules` FROM dt_auth_group_access a INNER JOIN dt_auth_group g on a.group_id=g.id  WHERE ( a.uid='' and g.status='1' )  [ RunTime:0.0005s ]
INFO: [ view_parse ] --START--
INFO: [ template_filter ] --START--
INFO: Run Behavior\ContentReplaceBehavior [ RunTime:0.000144s ]
INFO: [ template_filter ] --END-- [ RunTime:0.000307s ]
INFO: Run Behavior\ParseTemplateBehavior [ RunTime:0.025855s ]
INFO: [ view_parse ] --END-- [ RunTime:0.026115s ]
INFO: [ view_filter ] --START--
INFO: Run Behavior\WriteHtmlCacheBehavior [ RunTime:0.000671s ]
INFO: [ view_filter ] --END-- [ RunTime:0.000965s ]

[ 2020-04-18T16:09:25+08:00 ] 127.0.0.1 /index.php/Admin/Public/login.html
INFO: [ app_init ] --START--
INFO: Run Behavior\BuildLiteBehavior [ RunTime:0.000049s ]
INFO: [ app_init ] --END-- [ RunTime:0.000708s ]
INFO: [ app_begin ] --START--
INFO: Run Behavior\ReadHtmlCacheBehavior [ RunTime:0.000776s ]
INFO: [ app_begin ] --END-- [ RunTime:0.001030s ]
INFO: [ view_parse ] --START--
INFO: [ template_filter ] --START--
INFO: Run Behavior\ContentReplaceBehavior [ RunTime:0.000217s ]
INFO: [ template_filter ] --END-- [ RunTime:0.000382s ]
NOTIC: [8] unserialize(): Error at offset 46 of 450 bytes E:\workspace\daxinhe\ThinkPHP\Common\functions.php 第 1298 行.
INFO: Run Behavior\ParseTemplateBehavior [ RunTime:0.034283s ]
INFO: [ view_parse ] --END-- [ RunTime:0.034480s ]
INFO: [ view_filter ] --START--
INFO: Run Behavior\WriteHtmlCacheBehavior [ RunTime:0.000414s ]
INFO: [ view_filter ] --END-- [ RunTime:0.000546s ]
INFO: [ app_end ] --START--
INFO: Run Behavior\ShowPageTraceBehavior [ RunTime:0.000892s ]
INFO: [ app_end ] --END-- [ RunTime:0.001192s ]

[ 2020-04-18T16:09:37+08:00 ] 127.0.0.1 /index.php/Admin/Public/login.html
INFO: [ app_init ] --START--
INFO: Run Behavior\BuildLiteBehavior [ RunTime:0.000035s ]
INFO: [ app_init ] --END-- [ RunTime:0.000572s ]
INFO: [ app_begin ] --START--
INFO: Run Behavior\ReadHtmlCacheBehavior [ RunTime:0.001139s ]
INFO: [ app_begin ] --END-- [ RunTime:0.001464s ]
SQL: SHOW COLUMNS FROM `dt_users` [ RunTime:0.0008s ]
SQL: SELECT * FROM `dt_users` WHERE `username` = 'admin' AND `password` = '7fef6171469e80d32c0559f88b377245' LIMIT 1   [ RunTime:0.0005s ]

[ 2020-04-18T16:09:37+08:00 ] 127.0.0.1 /index.php/Admin/Index/index.html
INFO: [ app_init ] --START--
INFO: Run Behavior\BuildLiteBehavior [ RunTime:0.000032s ]
INFO: [ app_init ] --END-- [ RunTime:0.000461s ]
INFO: [ app_begin ] --START--
INFO: Run Behavior\ReadHtmlCacheBehavior [ RunTime:0.000429s ]
INFO: [ app_begin ] --END-- [ RunTime:0.000593s ]
SQL: SHOW COLUMNS FROM `dt_auth_group_access` [ RunTime:0.0009s ]
SQL: SELECT `uid`,`group_id`,`title`,`rules` FROM dt_auth_group_access a INNER JOIN dt_auth_group g on a.group_id=g.id  WHERE ( a.uid='88' and g.status='1' )  [ RunTime:0.0006s ]
SQL: SHOW COLUMNS FROM `dt_auth_rule` [ RunTime:0.0007s ]
SQL: SELECT `condition`,`name` FROM `dt_auth_rule` WHERE `id` IN ('6','96','198','20','1','2','3','4','5','64','7','8','9','10','11','12','13','14','15','16','123','124','125','19','164','187','188','189','190','104','105','106','108','118','153','109','110','111','112','117','148','149','150','185','134','135','136','137','139','151','182','183','184','186','192','197','161','165','166','167','147','162','163','179','180','181','191','193','194','195','196','157','158','199','168','169','171','172','173','174','175','176','177','178') AND `type` = 1 AND `status` = 1  [ RunTime:0.0782s ]
NOTIC: [2048] Declaration of Common\Model\AdminNavModel::getTreeData() should be compatible with Common\Model\BaseModel::getTreeData($type = 'tree', $order = '', $name = 'name', $child = 'id', $parent = 'pid') E:\workspace\daxinhe\Application\Common\Model\AdminNavModel.class.php 第 7 行.
SQL: SHOW COLUMNS FROM `dt_admin_nav` [ RunTime:0.0012s ]
SQL: SELECT * FROM `dt_admin_nav` ORDER BY order_number is null,`order_number`,`id`  [ RunTime:0.0015s ]
NOTIC: [2] file_get_contents(): http:// wrapper is disabled in the server configuration by allow_url_fopen=0 E:\workspace\daxinhe\Application\Admin\Controller\IndexController.class.php 第 147 行.
NOTIC: [2] file_get_contents(http://api.mfapi.cn/update_version.php?version=20191127&amp;ip=daxinhe.com&amp;ishtml=0): failed to open stream: no suitable wrapper could be found E:\workspace\daxinhe\Application\Admin\Controller\IndexController.class.php 第 147 行.
INFO: [ view_parse ] --START--
INFO: [ template_filter ] --START--
INFO: Run Behavior\ContentReplaceBehavior [ RunTime:0.000395s ]
INFO: [ template_filter ] --END-- [ RunTime:0.000559s ]
NOTIC: [8] unserialize(): Error at offset 46 of 450 bytes E:\workspace\daxinhe\ThinkPHP\Common\functions.php 第 1298 行.
INFO: Run Behavior\ParseTemplateBehavior [ RunTime:0.154642s ]
INFO: [ view_parse ] --END-- [ RunTime:0.154808s ]
INFO: [ view_filter ] --START--
INFO: Run Behavior\WriteHtmlCacheBehavior [ RunTime:0.000542s ]
INFO: [ view_filter ] --END-- [ RunTime:0.000679s ]
INFO: [ app_end ] --START--
INFO: Run Behavior\ShowPageTraceBehavior [ RunTime:0.000736s ]
INFO: [ app_end ] --END-- [ RunTime:0.000921s ]

[ 2020-04-18T16:09:38+08:00 ] 127.0.0.1 /index.php/Admin/Index/tongji.html
INFO: [ app_init ] --START--
INFO: Run Behavior\BuildLiteBehavior [ RunTime:0.000062s ]
INFO: [ app_init ] --END-- [ RunTime:0.001082s ]
INFO: [ app_begin ] --START--
INFO: Run Behavior\ReadHtmlCacheBehavior [ RunTime:0.001174s ]
INFO: [ app_begin ] --END-- [ RunTime:0.001597s ]
SQL: SHOW COLUMNS FROM `dt_auth_group_access` [ RunTime:0.0015s ]
SQL: SELECT `uid`,`group_id`,`title`,`rules` FROM dt_auth_group_access a INNER JOIN dt_auth_group g on a.group_id=g.id  WHERE ( a.uid='88' and g.status='1' )  [ RunTime:0.0014s ]
SQL: SHOW COLUMNS FROM `dt_auth_rule` [ RunTime:0.0015s ]
SQL: SELECT `condition`,`name` FROM `dt_auth_rule` WHERE `id` IN ('6','96','198','20','1','2','3','4','5','64','7','8','9','10','11','12','13','14','15','16','123','124','125','19','164','187','188','189','190','104','105','106','108','118','153','109','110','111','112','117','148','149','150','185','134','135','136','137','139','151','182','183','184','186','192','197','161','165','166','167','147','162','163','179','180','181','191','193','194','195','196','157','158','199','168','169','171','172','173','174','175','176','177','178') AND `type` = 1 AND `status` = 1  [ RunTime:0.0020s ]
SQL: SHOW COLUMNS FROM `dt_task_apply` [ RunTime:0.0013s ]
SQL: SELECT COUNT(*) AS tp_count FROM `dt_task_apply` WHERE `status` = 1 LIMIT 1   [ RunTime:0.0003s ]
SQL: SHOW COLUMNS FROM `dt_member_tixian` [ RunTime:0.0011s ]
SQL: SELECT COUNT(*) AS tp_count FROM `dt_member_tixian` WHERE `status` = 0 LIMIT 1   [ RunTime:0.0003s ]
SQL: SHOW COLUMNS FROM `dt_member` [ RunTime:0.0014s ]
SQL: SELECT COUNT(*) AS tp_count FROM `dt_member` LIMIT 1   [ RunTime:0.0007s ]
SQL: SHOW COLUMNS FROM `dt_task` [ RunTime:0.0015s ]
SQL: SELECT COUNT(*) AS tp_count FROM `dt_task` LIMIT 1   [ RunTime:0.0003s ]
SQL: SELECT COUNT(*) AS tp_count FROM `dt_task_apply` WHERE `status` = 2 LIMIT 1   [ RunTime:0.0002s ]
SQL: SHOW COLUMNS FROM `dt_pay` [ RunTime:0.0009s ]
SQL: SELECT SUM(price) AS tp_sum FROM `dt_pay` LIMIT 1   [ RunTime:0.0141s ]
SQL: SELECT SUM(price) AS tp_sum FROM `dt_member_tixian` WHERE `status` = 1 LIMIT 1   [ RunTime:0.0003s ]
SQL: SELECT SUM(price) AS tp_sum FROM `dt_member` LIMIT 1   [ RunTime:0.0037s ]
SQL: SELECT SUM(price) AS tp_sum FROM `dt_pay` WHERE ( ( create_time >= 1587052800 and create_time < 1587139200 ) ) LIMIT 1   [ RunTime:0.0029s ]
SQL: SELECT SUM(price) AS tp_sum FROM `dt_pay` WHERE ( ( create_time >= 1586534400 and create_time < 1587139200 ) ) LIMIT 1   [ RunTime:0.0002s ]
SQL: SELECT SUM(price) AS tp_sum FROM `dt_pay` WHERE ( ( create_time >= 1584547200 and create_time < 1587139200 ) ) LIMIT 1   [ RunTime:0.0002s ]
SQL: SELECT COUNT(*) AS tp_count FROM `dt_task_apply` WHERE `status` = 2 AND ( ( create_time >= 1587052800 and create_time < 1587139200 ) ) LIMIT 1   [ RunTime:0.0003s ]
SQL: SELECT COUNT(*) AS tp_count FROM `dt_task_apply` WHERE `status` = 2 AND ( ( create_time >= 1586534400 and create_time < 1587139200 ) ) LIMIT 1   [ RunTime:0.0002s ]
SQL: SELECT COUNT(*) AS tp_count FROM `dt_task_apply` WHERE `status` = 2 AND ( ( create_time >= 1584547200 and create_time < 1587139200 ) ) LIMIT 1   [ RunTime:0.0003s ]
SQL: select sum(price) as sub_total_price, count(id) as sub_number, FROM_UNIXTIME(create_time, '%Y-%m-%d' ) as `date` from dt_pay where 1 and ( create_time >= 1584547200 and create_time < 1587225599 ) GROUP BY FROM_UNIXTIME(create_time, '%Y%m%d' ) [ RunTime:0.0130s ]
INFO: [ view_parse ] --START--
INFO: [ template_filter ] --START--
INFO: Run Behavior\ContentReplaceBehavior [ RunTime:0.000463s ]
INFO: [ template_filter ] --END-- [ RunTime:0.000630s ]
NOTIC: [8] unserialize(): Error at offset 46 of 450 bytes E:\workspace\daxinhe\ThinkPHP\Common\functions.php 第 1298 行.
INFO: Run Behavior\ParseTemplateBehavior [ RunTime:0.072443s ]
INFO: [ view_parse ] --END-- [ RunTime:0.072687s ]
INFO: [ view_filter ] --START--
INFO: Run Behavior\WriteHtmlCacheBehavior [ RunTime:0.000817s ]
INFO: [ view_filter ] --END-- [ RunTime:0.001105s ]
INFO: [ app_end ] --START--
INFO: Run Behavior\ShowPageTraceBehavior [ RunTime:0.000982s ]
INFO: [ app_end ] --END-- [ RunTime:0.001293s ]

